{"/Users/tims/development/edf/javascript-code-test/src/BookSearchApi.js": {"path":"/Users/tims/development/edf/javascript-code-test/src/BookSearchApi.js","all":false,"statementMap":{"0":{"start":{"line":1,"column":0},"end":{"line":1,"column":48}},"1":{"start":{"line":2,"column":0},"end":{"line":2,"column":29}},"2":{"start":{"line":3,"column":0},"end":{"line":3,"column":35}},"3":{"start":{"line":4,"column":0},"end":{"line":4,"column":46}},"4":{"start":{"line":5,"column":0},"end":{"line":5,"column":13}},"5":{"start":{"line":6,"column":0},"end":{"line":6,"column":18}},"6":{"start":{"line":7,"column":0},"end":{"line":7,"column":14}},"7":{"start":{"line":8,"column":0},"end":{"line":8,"column":40}},"8":{"start":{"line":9,"column":0},"end":{"line":9,"column":6}},"9":{"start":{"line":10,"column":0},"end":{"line":10,"column":4}},"10":{"start":{"line":11,"column":0},"end":{"line":11,"column":2}},"11":{"start":{"line":12,"column":0},"end":{"line":12,"column":36}},"12":{"start":{"line":13,"column":0},"end":{"line":13,"column":56}},"13":{"start":{"line":14,"column":0},"end":{"line":14,"column":52}},"14":{"start":{"line":15,"column":0},"end":{"line":15,"column":16}},"15":{"start":{"line":16,"column":0},"end":{"line":16,"column":34}},"16":{"start":{"line":17,"column":0},"end":{"line":17,"column":16}},"17":{"start":{"line":18,"column":0},"end":{"line":18,"column":22}},"18":{"start":{"line":19,"column":0},"end":{"line":19,"column":28}},"19":{"start":{"line":20,"column":0},"end":{"line":20,"column":38}},"20":{"start":{"line":21,"column":0},"end":{"line":21,"column":58}},"21":{"start":{"line":22,"column":0},"end":{"line":22,"column":36}},"22":{"start":{"line":23,"column":0},"end":{"line":23,"column":48}},"23":{"start":{"line":24,"column":0},"end":{"line":24,"column":48}},"24":{"start":{"line":25,"column":0},"end":{"line":25,"column":41}},"25":{"start":{"line":26,"column":0},"end":{"line":26,"column":42}},"26":{"start":{"line":27,"column":0},"end":{"line":27,"column":36}},"27":{"start":{"line":28,"column":0},"end":{"line":28,"column":38}},"28":{"start":{"line":29,"column":0},"end":{"line":29,"column":9}},"29":{"start":{"line":30,"column":0},"end":{"line":30,"column":8}},"30":{"start":{"line":31,"column":0},"end":{"line":31,"column":5}},"31":{"start":{"line":32,"column":0},"end":{"line":32,"column":16}},"32":{"start":{"line":33,"column":0},"end":{"line":33,"column":4}},"33":{"start":{"line":34,"column":0},"end":{"line":34,"column":2}},"34":{"start":{"line":35,"column":0},"end":{"line":35,"column":53}},"35":{"start":{"line":36,"column":0},"end":{"line":36,"column":19}},"36":{"start":{"line":37,"column":0},"end":{"line":37,"column":82}},"37":{"start":{"line":38,"column":0},"end":{"line":38,"column":81}},"38":{"start":{"line":39,"column":0},"end":{"line":39,"column":85}},"39":{"start":{"line":40,"column":0},"end":{"line":40,"column":89}},"40":{"start":{"line":41,"column":0},"end":{"line":41,"column":15}},"41":{"start":{"line":42,"column":0},"end":{"line":42,"column":25}},"42":{"start":{"line":43,"column":0},"end":{"line":43,"column":55}},"43":{"start":{"line":44,"column":0},"end":{"line":44,"column":79}},"44":{"start":{"line":45,"column":0},"end":{"line":45,"column":10}},"45":{"start":{"line":46,"column":0},"end":{"line":46,"column":18}},"46":{"start":{"line":47,"column":0},"end":{"line":47,"column":7}},"47":{"start":{"line":48,"column":0},"end":{"line":48,"column":52}},"48":{"start":{"line":49,"column":0},"end":{"line":49,"column":16}},"49":{"start":{"line":50,"column":0},"end":{"line":50,"column":34}},"50":{"start":{"line":51,"column":0},"end":{"line":51,"column":16}},"51":{"start":{"line":52,"column":0},"end":{"line":52,"column":22}},"52":{"start":{"line":53,"column":0},"end":{"line":53,"column":28}},"53":{"start":{"line":54,"column":0},"end":{"line":54,"column":38}},"54":{"start":{"line":55,"column":0},"end":{"line":55,"column":58}},"55":{"start":{"line":56,"column":0},"end":{"line":56,"column":36}},"56":{"start":{"line":57,"column":0},"end":{"line":57,"column":48}},"57":{"start":{"line":58,"column":0},"end":{"line":58,"column":48}},"58":{"start":{"line":59,"column":0},"end":{"line":59,"column":41}},"59":{"start":{"line":60,"column":0},"end":{"line":60,"column":42}},"60":{"start":{"line":61,"column":0},"end":{"line":61,"column":36}},"61":{"start":{"line":62,"column":0},"end":{"line":62,"column":38}},"62":{"start":{"line":63,"column":0},"end":{"line":63,"column":9}},"63":{"start":{"line":64,"column":0},"end":{"line":64,"column":14}},"64":{"start":{"line":65,"column":0},"end":{"line":65,"column":5}},"65":{"start":{"line":66,"column":0},"end":{"line":66,"column":4}},"66":{"start":{"line":67,"column":0},"end":{"line":67,"column":2}},"67":{"start":{"line":68,"column":0},"end":{"line":68,"column":0}},"68":{"start":{"line":69,"column":0},"end":{"line":69,"column":29}},"69":{"start":{"line":70,"column":0},"end":{"line":70,"column":34}},"70":{"start":{"line":71,"column":0},"end":{"line":71,"column":46}},"71":{"start":{"line":72,"column":0},"end":{"line":72,"column":13}},"72":{"start":{"line":73,"column":0},"end":{"line":73,"column":19}},"73":{"start":{"line":74,"column":0},"end":{"line":74,"column":14}},"74":{"start":{"line":75,"column":0},"end":{"line":75,"column":40}},"75":{"start":{"line":76,"column":0},"end":{"line":76,"column":6}},"76":{"start":{"line":77,"column":0},"end":{"line":77,"column":3}},"77":{"start":{"line":78,"column":0},"end":{"line":78,"column":0}},"78":{"start":{"line":79,"column":0},"end":{"line":79,"column":36}},"79":{"start":{"line":80,"column":0},"end":{"line":80,"column":56}},"80":{"start":{"line":81,"column":0},"end":{"line":81,"column":52}},"81":{"start":{"line":82,"column":0},"end":{"line":82,"column":45}},"82":{"start":{"line":83,"column":0},"end":{"line":83,"column":14}},"83":{"start":{"line":84,"column":0},"end":{"line":84,"column":20}},"84":{"start":{"line":85,"column":0},"end":{"line":85,"column":26}},"85":{"start":{"line":86,"column":0},"end":{"line":86,"column":36}},"86":{"start":{"line":87,"column":0},"end":{"line":87,"column":56}},"87":{"start":{"line":88,"column":0},"end":{"line":88,"column":34}},"88":{"start":{"line":89,"column":0},"end":{"line":89,"column":46}},"89":{"start":{"line":90,"column":0},"end":{"line":90,"column":46}},"90":{"start":{"line":91,"column":0},"end":{"line":91,"column":39}},"91":{"start":{"line":92,"column":0},"end":{"line":92,"column":40}},"92":{"start":{"line":93,"column":0},"end":{"line":93,"column":34}},"93":{"start":{"line":94,"column":0},"end":{"line":94,"column":36}},"94":{"start":{"line":95,"column":0},"end":{"line":95,"column":7}},"95":{"start":{"line":96,"column":0},"end":{"line":96,"column":5}},"96":{"start":{"line":97,"column":0},"end":{"line":97,"column":5}},"97":{"start":{"line":98,"column":0},"end":{"line":98,"column":5}},"98":{"start":{"line":99,"column":0},"end":{"line":99,"column":16}},"99":{"start":{"line":100,"column":0},"end":{"line":100,"column":4}},"100":{"start":{"line":101,"column":0},"end":{"line":101,"column":2}},"101":{"start":{"line":102,"column":0},"end":{"line":102,"column":53}},"102":{"start":{"line":103,"column":0},"end":{"line":103,"column":19}},"103":{"start":{"line":104,"column":0},"end":{"line":104,"column":82}},"104":{"start":{"line":105,"column":0},"end":{"line":105,"column":81}},"105":{"start":{"line":106,"column":0},"end":{"line":106,"column":85}},"106":{"start":{"line":107,"column":0},"end":{"line":107,"column":89}},"107":{"start":{"line":108,"column":0},"end":{"line":108,"column":15}},"108":{"start":{"line":109,"column":0},"end":{"line":109,"column":25}},"109":{"start":{"line":110,"column":0},"end":{"line":110,"column":55}},"110":{"start":{"line":111,"column":0},"end":{"line":111,"column":79}},"111":{"start":{"line":112,"column":0},"end":{"line":112,"column":10}},"112":{"start":{"line":113,"column":0},"end":{"line":113,"column":18}},"113":{"start":{"line":114,"column":0},"end":{"line":114,"column":6}},"114":{"start":{"line":115,"column":0},"end":{"line":115,"column":52}},"115":{"start":{"line":116,"column":0},"end":{"line":116,"column":32}},"116":{"start":{"line":117,"column":0},"end":{"line":117,"column":14}},"117":{"start":{"line":118,"column":0},"end":{"line":118,"column":20}},"118":{"start":{"line":119,"column":0},"end":{"line":119,"column":26}},"119":{"start":{"line":120,"column":0},"end":{"line":120,"column":36}},"120":{"start":{"line":121,"column":0},"end":{"line":121,"column":56}},"121":{"start":{"line":122,"column":0},"end":{"line":122,"column":34}},"122":{"start":{"line":123,"column":0},"end":{"line":123,"column":46}},"123":{"start":{"line":124,"column":0},"end":{"line":124,"column":46}},"124":{"start":{"line":125,"column":0},"end":{"line":125,"column":39}},"125":{"start":{"line":126,"column":0},"end":{"line":126,"column":40}},"126":{"start":{"line":127,"column":0},"end":{"line":127,"column":34}},"127":{"start":{"line":128,"column":0},"end":{"line":128,"column":36}},"128":{"start":{"line":129,"column":0},"end":{"line":129,"column":7}},"129":{"start":{"line":130,"column":0},"end":{"line":130,"column":6}},"130":{"start":{"line":131,"column":0},"end":{"line":131,"column":4}},"131":{"start":{"line":132,"column":0},"end":{"line":132,"column":2}},"132":{"start":{"line":133,"column":0},"end":{"line":133,"column":0}},"133":{"start":{"line":134,"column":0},"end":{"line":134,"column":19}},"134":{"start":{"line":135,"column":0},"end":{"line":135,"column":34}},"135":{"start":{"line":136,"column":0},"end":{"line":136,"column":12}},"136":{"start":{"line":137,"column":0},"end":{"line":137,"column":11}},"137":{"start":{"line":138,"column":0},"end":{"line":138,"column":56}},"138":{"start":{"line":139,"column":0},"end":{"line":139,"column":19}},"139":{"start":{"line":140,"column":0},"end":{"line":140,"column":18}},"140":{"start":{"line":141,"column":0},"end":{"line":141,"column":14}},"141":{"start":{"line":142,"column":0},"end":{"line":142,"column":19}},"142":{"start":{"line":143,"column":0},"end":{"line":143,"column":18}},"143":{"start":{"line":144,"column":0},"end":{"line":144,"column":5}},"144":{"start":{"line":145,"column":0},"end":{"line":145,"column":29}},"145":{"start":{"line":146,"column":0},"end":{"line":146,"column":29}},"146":{"start":{"line":147,"column":0},"end":{"line":147,"column":35}},"147":{"start":{"line":148,"column":0},"end":{"line":148,"column":49}},"148":{"start":{"line":149,"column":0},"end":{"line":149,"column":0}},"149":{"start":{"line":150,"column":0},"end":{"line":150,"column":44}},"150":{"start":{"line":151,"column":0},"end":{"line":151,"column":19}},"151":{"start":{"line":152,"column":0},"end":{"line":152,"column":36}},"152":{"start":{"line":153,"column":0},"end":{"line":153,"column":38}},"153":{"start":{"line":154,"column":0},"end":{"line":154,"column":34}},"154":{"start":{"line":155,"column":0},"end":{"line":155,"column":43}},"155":{"start":{"line":156,"column":0},"end":{"line":156,"column":37}},"156":{"start":{"line":157,"column":0},"end":{"line":157,"column":13}},"157":{"start":{"line":158,"column":0},"end":{"line":158,"column":12}},"158":{"start":{"line":159,"column":0},"end":{"line":159,"column":41}},"159":{"start":{"line":160,"column":0},"end":{"line":160,"column":35}},"160":{"start":{"line":161,"column":0},"end":{"line":161,"column":0}},"161":{"start":{"line":162,"column":0},"end":{"line":162,"column":70}},"162":{"start":{"line":163,"column":0},"end":{"line":163,"column":19}},"163":{"start":{"line":164,"column":0},"end":{"line":164,"column":63}},"164":{"start":{"line":165,"column":0},"end":{"line":165,"column":64}},"165":{"start":{"line":166,"column":0},"end":{"line":166,"column":62}},"166":{"start":{"line":167,"column":0},"end":{"line":167,"column":66}},"167":{"start":{"line":168,"column":0},"end":{"line":168,"column":63}},"168":{"start":{"line":169,"column":0},"end":{"line":169,"column":13}},"169":{"start":{"line":170,"column":0},"end":{"line":170,"column":12}},"170":{"start":{"line":171,"column":0},"end":{"line":171,"column":8}},"171":{"start":{"line":172,"column":0},"end":{"line":172,"column":0}},"172":{"start":{"line":173,"column":0},"end":{"line":173,"column":21}},"173":{"start":{"line":174,"column":0},"end":{"line":174,"column":13}},"174":{"start":{"line":175,"column":0},"end":{"line":175,"column":66}},"175":{"start":{"line":176,"column":0},"end":{"line":176,"column":6}},"176":{"start":{"line":177,"column":0},"end":{"line":177,"column":5}},"177":{"start":{"line":178,"column":0},"end":{"line":178,"column":14}}},"s":{"0":1,"1":1,"2":9,"3":9,"4":9,"5":9,"6":9,"7":9,"8":9,"9":9,"10":9,"11":9,"12":3,"13":3,"14":3,"15":2,"16":6,"17":6,"18":6,"19":6,"20":6,"21":6,"22":6,"23":6,"24":6,"25":6,"26":6,"27":6,"28":6,"29":2,"30":2,"31":1,"32":9,"33":9,"34":9,"35":6,"36":6,"37":6,"38":6,"39":6,"40":6,"41":1,"42":1,"43":1,"44":1,"45":1,"46":6,"47":5,"48":5,"49":5,"50":7,"51":7,"52":7,"53":7,"54":7,"55":7,"56":7,"57":7,"58":7,"59":7,"60":7,"61":7,"62":7,"63":5,"64":5,"65":9,"66":1,"67":1,"68":1,"69":9,"70":9,"71":9,"72":9,"73":9,"74":9,"75":9,"76":9,"77":9,"78":9,"79":3,"80":3,"81":3,"82":6,"83":6,"84":6,"85":6,"86":6,"87":6,"88":6,"89":6,"90":6,"91":6,"92":6,"93":6,"94":6,"95":6,"96":2,"97":2,"98":1,"99":9,"100":9,"101":9,"102":6,"103":6,"104":6,"105":6,"106":6,"107":6,"108":1,"109":1,"110":1,"111":1,"112":1,"113":6,"114":5,"115":5,"116":7,"117":7,"118":7,"119":7,"120":7,"121":7,"122":7,"123":7,"124":7,"125":7,"126":7,"127":7,"128":7,"129":5,"130":9,"131":1,"132":1,"133":1,"134":1,"135":1,"136":1,"137":1,"138":1,"139":1,"140":1,"141":1,"142":1,"143":1,"144":1,"145":1,"146":1,"147":1,"148":1,"149":1,"150":1,"151":1,"152":1,"153":1,"154":1,"155":1,"156":1,"157":1,"158":1,"159":1,"160":1,"161":1,"162":1,"163":1,"164":1,"165":1,"166":1,"167":1,"168":1,"169":1,"170":1,"171":1,"172":1,"173":1,"174":1,"175":1,"176":1,"177":1},"branchMap":{"0":{"type":"branch","line":2,"loc":{"start":{"line":2,"column":7},"end":{"line":67,"column":1}},"locations":[{"start":{"line":2,"column":7},"end":{"line":67,"column":1}}]},"1":{"type":"branch","line":12,"loc":{"start":{"line":12,"column":13},"end":{"line":33,"column":3}},"locations":[{"start":{"line":12,"column":13},"end":{"line":33,"column":3}}]},"2":{"type":"branch","line":15,"loc":{"start":{"line":15,"column":15},"end":{"line":31,"column":5}},"locations":[{"start":{"line":15,"column":15},"end":{"line":31,"column":5}}]},"3":{"type":"branch","line":31,"loc":{"start":{"line":31,"column":4},"end":{"line":33,"column":3}},"locations":[{"start":{"line":31,"column":4},"end":{"line":33,"column":3}}]},"4":{"type":"branch","line":16,"loc":{"start":{"line":16,"column":24},"end":{"line":30,"column":7}},"locations":[{"start":{"line":16,"column":24},"end":{"line":30,"column":7}}]},"5":{"type":"branch","line":20,"loc":{"start":{"line":20,"column":29},"end":{"line":20,"column":37}},"locations":[{"start":{"line":20,"column":29},"end":{"line":20,"column":37}}]},"6":{"type":"branch","line":21,"loc":{"start":{"line":21,"column":49},"end":{"line":21,"column":57}},"locations":[{"start":{"line":21,"column":49},"end":{"line":21,"column":57}}]},"7":{"type":"branch","line":22,"loc":{"start":{"line":22,"column":27},"end":{"line":22,"column":35}},"locations":[{"start":{"line":22,"column":27},"end":{"line":22,"column":35}}]},"8":{"type":"branch","line":23,"loc":{"start":{"line":23,"column":39},"end":{"line":23,"column":47}},"locations":[{"start":{"line":23,"column":39},"end":{"line":23,"column":47}}]},"9":{"type":"branch","line":24,"loc":{"start":{"line":24,"column":39},"end":{"line":24,"column":47}},"locations":[{"start":{"line":24,"column":39},"end":{"line":24,"column":47}}]},"10":{"type":"branch","line":25,"loc":{"start":{"line":25,"column":32},"end":{"line":25,"column":40}},"locations":[{"start":{"line":25,"column":32},"end":{"line":25,"column":40}}]},"11":{"type":"branch","line":35,"loc":{"start":{"line":35,"column":15},"end":{"line":66,"column":3}},"locations":[{"start":{"line":35,"column":15},"end":{"line":66,"column":3}}]},"12":{"type":"branch","line":37,"loc":{"start":{"line":37,"column":33},"end":{"line":37,"column":82}},"locations":[{"start":{"line":37,"column":33},"end":{"line":37,"column":82}}]},"13":{"type":"branch","line":38,"loc":{"start":{"line":38,"column":32},"end":{"line":38,"column":81}},"locations":[{"start":{"line":38,"column":32},"end":{"line":38,"column":81}}]},"14":{"type":"branch","line":39,"loc":{"start":{"line":39,"column":36},"end":{"line":39,"column":85}},"locations":[{"start":{"line":39,"column":36},"end":{"line":39,"column":85}}]},"15":{"type":"branch","line":40,"loc":{"start":{"line":40,"column":40},"end":{"line":40,"column":89}},"locations":[{"start":{"line":40,"column":40},"end":{"line":40,"column":89}}]},"16":{"type":"branch","line":41,"loc":{"start":{"line":41,"column":14},"end":{"line":47,"column":5}},"locations":[{"start":{"line":41,"column":14},"end":{"line":47,"column":5}}]},"17":{"type":"branch","line":47,"loc":{"start":{"line":47,"column":4},"end":{"line":65,"column":5}},"locations":[{"start":{"line":47,"column":4},"end":{"line":65,"column":5}}]},"18":{"type":"branch","line":50,"loc":{"start":{"line":50,"column":24},"end":{"line":64,"column":7}},"locations":[{"start":{"line":50,"column":24},"end":{"line":64,"column":7}}]},"19":{"type":"branch","line":54,"loc":{"start":{"line":54,"column":29},"end":{"line":54,"column":37}},"locations":[{"start":{"line":54,"column":29},"end":{"line":54,"column":37}}]},"20":{"type":"branch","line":55,"loc":{"start":{"line":55,"column":49},"end":{"line":55,"column":57}},"locations":[{"start":{"line":55,"column":49},"end":{"line":55,"column":57}}]},"21":{"type":"branch","line":56,"loc":{"start":{"line":56,"column":27},"end":{"line":56,"column":35}},"locations":[{"start":{"line":56,"column":27},"end":{"line":56,"column":35}}]},"22":{"type":"branch","line":57,"loc":{"start":{"line":57,"column":39},"end":{"line":57,"column":47}},"locations":[{"start":{"line":57,"column":39},"end":{"line":57,"column":47}}]},"23":{"type":"branch","line":58,"loc":{"start":{"line":58,"column":39},"end":{"line":58,"column":47}},"locations":[{"start":{"line":58,"column":39},"end":{"line":58,"column":47}}]},"24":{"type":"branch","line":59,"loc":{"start":{"line":59,"column":32},"end":{"line":59,"column":40}},"locations":[{"start":{"line":59,"column":32},"end":{"line":59,"column":40}}]},"25":{"type":"branch","line":69,"loc":{"start":{"line":69,"column":7},"end":{"line":132,"column":1}},"locations":[{"start":{"line":69,"column":7},"end":{"line":132,"column":1}}]},"26":{"type":"branch","line":79,"loc":{"start":{"line":79,"column":13},"end":{"line":100,"column":3}},"locations":[{"start":{"line":79,"column":13},"end":{"line":100,"column":3}}]},"27":{"type":"branch","line":82,"loc":{"start":{"line":82,"column":14},"end":{"line":98,"column":5}},"locations":[{"start":{"line":82,"column":14},"end":{"line":98,"column":5}}]},"28":{"type":"branch","line":98,"loc":{"start":{"line":98,"column":4},"end":{"line":100,"column":3}},"locations":[{"start":{"line":98,"column":4},"end":{"line":100,"column":3}}]},"29":{"type":"branch","line":82,"loc":{"start":{"line":82,"column":35},"end":{"line":96,"column":5}},"locations":[{"start":{"line":82,"column":35},"end":{"line":96,"column":5}}]},"30":{"type":"branch","line":86,"loc":{"start":{"line":86,"column":27},"end":{"line":86,"column":35}},"locations":[{"start":{"line":86,"column":27},"end":{"line":86,"column":35}}]},"31":{"type":"branch","line":87,"loc":{"start":{"line":87,"column":47},"end":{"line":87,"column":55}},"locations":[{"start":{"line":87,"column":47},"end":{"line":87,"column":55}}]},"32":{"type":"branch","line":88,"loc":{"start":{"line":88,"column":25},"end":{"line":88,"column":33}},"locations":[{"start":{"line":88,"column":25},"end":{"line":88,"column":33}}]},"33":{"type":"branch","line":89,"loc":{"start":{"line":89,"column":37},"end":{"line":89,"column":45}},"locations":[{"start":{"line":89,"column":37},"end":{"line":89,"column":45}}]},"34":{"type":"branch","line":90,"loc":{"start":{"line":90,"column":37},"end":{"line":90,"column":45}},"locations":[{"start":{"line":90,"column":37},"end":{"line":90,"column":45}}]},"35":{"type":"branch","line":91,"loc":{"start":{"line":91,"column":30},"end":{"line":91,"column":38}},"locations":[{"start":{"line":91,"column":30},"end":{"line":91,"column":38}}]},"36":{"type":"branch","line":102,"loc":{"start":{"line":102,"column":15},"end":{"line":131,"column":3}},"locations":[{"start":{"line":102,"column":15},"end":{"line":131,"column":3}}]},"37":{"type":"branch","line":104,"loc":{"start":{"line":104,"column":33},"end":{"line":104,"column":82}},"locations":[{"start":{"line":104,"column":33},"end":{"line":104,"column":82}}]},"38":{"type":"branch","line":105,"loc":{"start":{"line":105,"column":32},"end":{"line":105,"column":81}},"locations":[{"start":{"line":105,"column":32},"end":{"line":105,"column":81}}]},"39":{"type":"branch","line":106,"loc":{"start":{"line":106,"column":36},"end":{"line":106,"column":85}},"locations":[{"start":{"line":106,"column":36},"end":{"line":106,"column":85}}]},"40":{"type":"branch","line":107,"loc":{"start":{"line":107,"column":40},"end":{"line":107,"column":89}},"locations":[{"start":{"line":107,"column":40},"end":{"line":107,"column":89}}]},"41":{"type":"branch","line":108,"loc":{"start":{"line":108,"column":14},"end":{"line":114,"column":5}},"locations":[{"start":{"line":108,"column":14},"end":{"line":114,"column":5}}]},"42":{"type":"branch","line":114,"loc":{"start":{"line":114,"column":4},"end":{"line":131,"column":3}},"locations":[{"start":{"line":114,"column":4},"end":{"line":131,"column":3}}]},"43":{"type":"branch","line":116,"loc":{"start":{"line":116,"column":22},"end":{"line":130,"column":5}},"locations":[{"start":{"line":116,"column":22},"end":{"line":130,"column":5}}]},"44":{"type":"branch","line":120,"loc":{"start":{"line":120,"column":27},"end":{"line":120,"column":35}},"locations":[{"start":{"line":120,"column":27},"end":{"line":120,"column":35}}]},"45":{"type":"branch","line":121,"loc":{"start":{"line":121,"column":47},"end":{"line":121,"column":55}},"locations":[{"start":{"line":121,"column":47},"end":{"line":121,"column":55}}]},"46":{"type":"branch","line":122,"loc":{"start":{"line":122,"column":25},"end":{"line":122,"column":33}},"locations":[{"start":{"line":122,"column":25},"end":{"line":122,"column":33}}]},"47":{"type":"branch","line":123,"loc":{"start":{"line":123,"column":37},"end":{"line":123,"column":45}},"locations":[{"start":{"line":123,"column":37},"end":{"line":123,"column":45}}]},"48":{"type":"branch","line":124,"loc":{"start":{"line":124,"column":37},"end":{"line":124,"column":45}},"locations":[{"start":{"line":124,"column":37},"end":{"line":124,"column":45}}]},"49":{"type":"branch","line":125,"loc":{"start":{"line":125,"column":30},"end":{"line":125,"column":38}},"locations":[{"start":{"line":125,"column":30},"end":{"line":125,"column":38}}]}},"b":{"0":[9],"1":[3],"2":[2],"3":[1],"4":[6],"5":[3],"6":[3],"7":[3],"8":[3],"9":[3],"10":[3],"11":[6],"12":[2],"13":[1],"14":[1],"15":[1],"16":[1],"17":[5],"18":[7],"19":[3],"20":[3],"21":[3],"22":[3],"23":[3],"24":[3],"25":[9],"26":[3],"27":[2],"28":[1],"29":[6],"30":[3],"31":[3],"32":[3],"33":[3],"34":[3],"35":[3],"36":[6],"37":[2],"38":[1],"39":[1],"40":[1],"41":[1],"42":[5],"43":[7],"44":[3],"45":[3],"46":[3],"47":[3],"48":[3],"49":[3]},"fnMap":{"0":{"name":"<instance_members_initializer>","decl":{"start":{"line":2,"column":7},"end":{"line":67,"column":1}},"loc":{"start":{"line":2,"column":7},"end":{"line":67,"column":1}},"line":2},"1":{"name":"getBooks","decl":{"start":{"line":12,"column":13},"end":{"line":33,"column":3}},"loc":{"start":{"line":12,"column":13},"end":{"line":33,"column":3}},"line":12},"2":{"name":"getBooksBy","decl":{"start":{"line":35,"column":15},"end":{"line":66,"column":3}},"loc":{"start":{"line":35,"column":15},"end":{"line":66,"column":3}},"line":35},"3":{"name":"<instance_members_initializer>","decl":{"start":{"line":69,"column":7},"end":{"line":132,"column":1}},"loc":{"start":{"line":69,"column":7},"end":{"line":132,"column":1}},"line":69},"4":{"name":"getBooks","decl":{"start":{"line":79,"column":13},"end":{"line":100,"column":3}},"loc":{"start":{"line":79,"column":13},"end":{"line":100,"column":3}},"line":79},"5":{"name":"getBooksBy","decl":{"start":{"line":102,"column":15},"end":{"line":131,"column":3}},"loc":{"start":{"line":102,"column":15},"end":{"line":131,"column":3}},"line":102}},"f":{"0":9,"1":3,"2":6,"3":9,"4":3,"5":6}}
,"/Users/tims/development/edf/javascript-code-test/src/helper/fetchApi.js": {"path":"/Users/tims/development/edf/javascript-code-test/src/helper/fetchApi.js","all":false,"statementMap":{"0":{"start":{"line":1,"column":0},"end":{"line":1,"column":49}},"1":{"start":{"line":2,"column":0},"end":{"line":2,"column":9}},"2":{"start":{"line":3,"column":0},"end":{"line":3,"column":49}},"3":{"start":{"line":4,"column":0},"end":{"line":4,"column":25}},"4":{"start":{"line":5,"column":0},"end":{"line":5,"column":63}},"5":{"start":{"line":6,"column":0},"end":{"line":6,"column":7}},"6":{"start":{"line":7,"column":0},"end":{"line":7,"column":35}},"7":{"start":{"line":8,"column":0},"end":{"line":8,"column":21}},"8":{"start":{"line":9,"column":0},"end":{"line":9,"column":48}},"9":{"start":{"line":10,"column":0},"end":{"line":10,"column":5}},"10":{"start":{"line":11,"column":0},"end":{"line":11,"column":4}}},"s":{"0":1,"1":16,"2":16,"3":16,"4":2,"5":2,"6":14,"7":16,"8":2,"9":2,"10":16},"branchMap":{"0":{"type":"branch","line":1,"loc":{"start":{"line":1,"column":24},"end":{"line":11,"column":4}},"locations":[{"start":{"line":1,"column":24},"end":{"line":11,"column":4}}]},"1":{"type":"branch","line":4,"loc":{"start":{"line":4,"column":24},"end":{"line":6,"column":7}},"locations":[{"start":{"line":4,"column":24},"end":{"line":6,"column":7}}]},"2":{"type":"branch","line":6,"loc":{"start":{"line":6,"column":6},"end":{"line":8,"column":6}},"locations":[{"start":{"line":6,"column":6},"end":{"line":8,"column":6}}]},"3":{"type":"branch","line":8,"loc":{"start":{"line":8,"column":6},"end":{"line":10,"column":5}},"locations":[{"start":{"line":8,"column":6},"end":{"line":10,"column":5}}]}},"b":{"0":[16],"1":[2],"2":[14],"3":[2]},"fnMap":{"0":{"name":"fetchApi","decl":{"start":{"line":1,"column":24},"end":{"line":11,"column":4}},"loc":{"start":{"line":1,"column":24},"end":{"line":11,"column":4}},"line":1}},"f":{"0":16}}
}
