{"/Users/tims/development/edf/javascript-code-test/src/BookSearch.js": {"path":"/Users/tims/development/edf/javascript-code-test/src/BookSearch.js","all":false,"statementMap":{"0":{"start":{"line":1,"column":0},"end":{"line":1,"column":48}},"1":{"start":{"line":2,"column":0},"end":{"line":2,"column":50}},"2":{"start":{"line":3,"column":0},"end":{"line":3,"column":0}},"3":{"start":{"line":4,"column":0},"end":{"line":4,"column":28}},"4":{"start":{"line":5,"column":0},"end":{"line":5,"column":38}},"5":{"start":{"line":6,"column":0},"end":{"line":6,"column":27}},"6":{"start":{"line":7,"column":0},"end":{"line":7,"column":37}},"7":{"start":{"line":8,"column":0},"end":{"line":8,"column":3}},"8":{"start":{"line":9,"column":0},"end":{"line":9,"column":36}},"9":{"start":{"line":10,"column":0},"end":{"line":10,"column":56}},"10":{"start":{"line":11,"column":0},"end":{"line":11,"column":26}},"11":{"start":{"line":12,"column":0},"end":{"line":12,"column":20}},"12":{"start":{"line":13,"column":0},"end":{"line":13,"column":16}},"13":{"start":{"line":14,"column":0},"end":{"line":14,"column":49}},"14":{"start":{"line":15,"column":0},"end":{"line":15,"column":8}},"15":{"start":{"line":16,"column":0},"end":{"line":16,"column":6}},"16":{"start":{"line":17,"column":0},"end":{"line":17,"column":24}},"17":{"start":{"line":18,"column":0},"end":{"line":18,"column":29}},"18":{"start":{"line":19,"column":0},"end":{"line":19,"column":6}},"19":{"start":{"line":20,"column":0},"end":{"line":20,"column":54}},"20":{"start":{"line":21,"column":0},"end":{"line":21,"column":18}},"21":{"start":{"line":22,"column":0},"end":{"line":22,"column":19}},"22":{"start":{"line":23,"column":0},"end":{"line":23,"column":47}},"23":{"start":{"line":24,"column":0},"end":{"line":24,"column":42}},"24":{"start":{"line":25,"column":0},"end":{"line":25,"column":20}},"25":{"start":{"line":26,"column":0},"end":{"line":26,"column":34}},"26":{"start":{"line":27,"column":0},"end":{"line":27,"column":16}},"27":{"start":{"line":28,"column":0},"end":{"line":28,"column":22}},"28":{"start":{"line":29,"column":0},"end":{"line":29,"column":28}},"29":{"start":{"line":30,"column":0},"end":{"line":30,"column":38}},"30":{"start":{"line":31,"column":0},"end":{"line":31,"column":58}},"31":{"start":{"line":32,"column":0},"end":{"line":32,"column":36}},"32":{"start":{"line":33,"column":0},"end":{"line":33,"column":48}},"33":{"start":{"line":34,"column":0},"end":{"line":34,"column":48}},"34":{"start":{"line":35,"column":0},"end":{"line":35,"column":34}},"35":{"start":{"line":36,"column":0},"end":{"line":36,"column":42}},"36":{"start":{"line":37,"column":0},"end":{"line":37,"column":36}},"37":{"start":{"line":38,"column":0},"end":{"line":38,"column":40}},"38":{"start":{"line":39,"column":0},"end":{"line":39,"column":10}},"39":{"start":{"line":40,"column":0},"end":{"line":40,"column":9}},"40":{"start":{"line":41,"column":0},"end":{"line":41,"column":5}},"41":{"start":{"line":42,"column":0},"end":{"line":42,"column":16}},"42":{"start":{"line":43,"column":0},"end":{"line":43,"column":4}},"43":{"start":{"line":44,"column":0},"end":{"line":44,"column":0}},"44":{"start":{"line":45,"column":0},"end":{"line":45,"column":53}},"45":{"start":{"line":46,"column":0},"end":{"line":46,"column":19}},"46":{"start":{"line":47,"column":0},"end":{"line":47,"column":32}},"47":{"start":{"line":48,"column":0},"end":{"line":48,"column":55}},"48":{"start":{"line":49,"column":0},"end":{"line":49,"column":31}},"49":{"start":{"line":50,"column":0},"end":{"line":50,"column":55}},"50":{"start":{"line":51,"column":0},"end":{"line":51,"column":35}},"51":{"start":{"line":52,"column":0},"end":{"line":52,"column":55}},"52":{"start":{"line":53,"column":0},"end":{"line":53,"column":39}},"53":{"start":{"line":54,"column":0},"end":{"line":54,"column":55}},"54":{"start":{"line":55,"column":0},"end":{"line":55,"column":26}},"55":{"start":{"line":56,"column":0},"end":{"line":56,"column":26}},"56":{"start":{"line":57,"column":0},"end":{"line":57,"column":20}},"57":{"start":{"line":58,"column":0},"end":{"line":58,"column":16}},"58":{"start":{"line":59,"column":0},"end":{"line":59,"column":49}},"59":{"start":{"line":60,"column":0},"end":{"line":60,"column":8}},"60":{"start":{"line":61,"column":0},"end":{"line":61,"column":6}},"61":{"start":{"line":62,"column":0},"end":{"line":62,"column":24}},"62":{"start":{"line":63,"column":0},"end":{"line":63,"column":29}},"63":{"start":{"line":64,"column":0},"end":{"line":64,"column":6}},"64":{"start":{"line":65,"column":0},"end":{"line":65,"column":54}},"65":{"start":{"line":66,"column":0},"end":{"line":66,"column":17}},"66":{"start":{"line":67,"column":0},"end":{"line":67,"column":45}},"67":{"start":{"line":68,"column":0},"end":{"line":68,"column":40}},"68":{"start":{"line":69,"column":0},"end":{"line":69,"column":18}},"69":{"start":{"line":70,"column":0},"end":{"line":70,"column":16}},"70":{"start":{"line":71,"column":0},"end":{"line":71,"column":34}},"71":{"start":{"line":72,"column":0},"end":{"line":72,"column":16}},"72":{"start":{"line":73,"column":0},"end":{"line":73,"column":22}},"73":{"start":{"line":74,"column":0},"end":{"line":74,"column":28}},"74":{"start":{"line":75,"column":0},"end":{"line":75,"column":38}},"75":{"start":{"line":76,"column":0},"end":{"line":76,"column":58}},"76":{"start":{"line":77,"column":0},"end":{"line":77,"column":36}},"77":{"start":{"line":78,"column":0},"end":{"line":78,"column":48}},"78":{"start":{"line":79,"column":0},"end":{"line":79,"column":48}},"79":{"start":{"line":80,"column":0},"end":{"line":80,"column":34}},"80":{"start":{"line":81,"column":0},"end":{"line":81,"column":42}},"81":{"start":{"line":82,"column":0},"end":{"line":82,"column":36}},"82":{"start":{"line":83,"column":0},"end":{"line":83,"column":40}},"83":{"start":{"line":84,"column":0},"end":{"line":84,"column":10}},"84":{"start":{"line":85,"column":0},"end":{"line":85,"column":9}},"85":{"start":{"line":86,"column":0},"end":{"line":86,"column":5}},"86":{"start":{"line":87,"column":0},"end":{"line":87,"column":4}},"87":{"start":{"line":88,"column":0},"end":{"line":88,"column":1}}},"s":{"0":1,"1":1,"2":1,"3":1,"4":19,"5":19,"6":19,"7":19,"8":19,"9":7,"10":7,"11":7,"12":7,"13":7,"14":7,"15":7,"16":7,"17":7,"18":7,"19":7,"20":7,"21":6,"22":6,"23":3,"24":6,"25":6,"26":18,"27":18,"28":18,"29":18,"30":18,"31":18,"32":18,"33":18,"34":18,"35":18,"36":18,"37":18,"38":18,"39":6,"40":6,"41":1,"42":19,"43":19,"44":19,"45":12,"46":12,"47":12,"48":12,"49":12,"50":12,"51":12,"52":12,"53":12,"54":12,"55":10,"56":10,"57":10,"58":10,"59":10,"60":10,"61":10,"62":10,"63":10,"64":10,"65":10,"66":10,"67":5,"68":12,"69":12,"70":10,"71":14,"72":14,"73":14,"74":14,"75":14,"76":14,"77":14,"78":14,"79":14,"80":14,"81":14,"82":14,"83":14,"84":10,"85":10,"86":19,"87":19},"branchMap":{"0":{"type":"branch","line":4,"loc":{"start":{"line":4,"column":7},"end":{"line":88,"column":1}},"locations":[{"start":{"line":4,"column":7},"end":{"line":88,"column":1}}]},"1":{"type":"branch","line":5,"loc":{"start":{"line":5,"column":2},"end":{"line":8,"column":3}},"locations":[{"start":{"line":5,"column":2},"end":{"line":8,"column":3}}]},"2":{"type":"branch","line":9,"loc":{"start":{"line":9,"column":13},"end":{"line":43,"column":3}},"locations":[{"start":{"line":9,"column":13},"end":{"line":43,"column":3}}]},"3":{"type":"branch","line":21,"loc":{"start":{"line":21,"column":17},"end":{"line":41,"column":5}},"locations":[{"start":{"line":21,"column":17},"end":{"line":41,"column":5}}]},"4":{"type":"branch","line":24,"loc":{"start":{"line":24,"column":-1},"end":{"line":24,"column":42}},"locations":[{"start":{"line":24,"column":-1},"end":{"line":24,"column":42}}]},"5":{"type":"branch","line":25,"loc":{"start":{"line":25,"column":-1},"end":{"line":25,"column":19}},"locations":[{"start":{"line":25,"column":-1},"end":{"line":25,"column":19}}]},"6":{"type":"branch","line":41,"loc":{"start":{"line":41,"column":4},"end":{"line":43,"column":3}},"locations":[{"start":{"line":41,"column":4},"end":{"line":43,"column":3}}]},"7":{"type":"branch","line":26,"loc":{"start":{"line":26,"column":24},"end":{"line":40,"column":7}},"locations":[{"start":{"line":26,"column":24},"end":{"line":40,"column":7}}]},"8":{"type":"branch","line":30,"loc":{"start":{"line":30,"column":29},"end":{"line":30,"column":37}},"locations":[{"start":{"line":30,"column":29},"end":{"line":30,"column":37}}]},"9":{"type":"branch","line":31,"loc":{"start":{"line":31,"column":49},"end":{"line":31,"column":57}},"locations":[{"start":{"line":31,"column":49},"end":{"line":31,"column":57}}]},"10":{"type":"branch","line":32,"loc":{"start":{"line":32,"column":27},"end":{"line":32,"column":35}},"locations":[{"start":{"line":32,"column":27},"end":{"line":32,"column":35}}]},"11":{"type":"branch","line":33,"loc":{"start":{"line":33,"column":39},"end":{"line":33,"column":47}},"locations":[{"start":{"line":33,"column":39},"end":{"line":33,"column":47}}]},"12":{"type":"branch","line":34,"loc":{"start":{"line":34,"column":39},"end":{"line":34,"column":47}},"locations":[{"start":{"line":34,"column":39},"end":{"line":34,"column":47}}]},"13":{"type":"branch","line":35,"loc":{"start":{"line":35,"column":25},"end":{"line":35,"column":33}},"locations":[{"start":{"line":35,"column":25},"end":{"line":35,"column":33}}]},"14":{"type":"branch","line":45,"loc":{"start":{"line":45,"column":15},"end":{"line":87,"column":3}},"locations":[{"start":{"line":45,"column":15},"end":{"line":87,"column":3}}]},"15":{"type":"branch","line":48,"loc":{"start":{"line":48,"column":6},"end":{"line":48,"column":55}},"locations":[{"start":{"line":48,"column":6},"end":{"line":48,"column":55}}]},"16":{"type":"branch","line":50,"loc":{"start":{"line":50,"column":6},"end":{"line":50,"column":55}},"locations":[{"start":{"line":50,"column":6},"end":{"line":50,"column":55}}]},"17":{"type":"branch","line":52,"loc":{"start":{"line":52,"column":6},"end":{"line":52,"column":55}},"locations":[{"start":{"line":52,"column":6},"end":{"line":52,"column":55}}]},"18":{"type":"branch","line":54,"loc":{"start":{"line":54,"column":6},"end":{"line":54,"column":55}},"locations":[{"start":{"line":54,"column":6},"end":{"line":54,"column":55}}]},"19":{"type":"branch","line":55,"loc":{"start":{"line":55,"column":14},"end":{"line":55,"column":26}},"locations":[{"start":{"line":55,"column":14},"end":{"line":55,"column":26}}]},"20":{"type":"branch","line":55,"loc":{"start":{"line":55,"column":25},"end":{"line":67,"column":45}},"locations":[{"start":{"line":55,"column":25},"end":{"line":67,"column":45}}]},"21":{"type":"branch","line":68,"loc":{"start":{"line":68,"column":-1},"end":{"line":68,"column":40}},"locations":[{"start":{"line":68,"column":-1},"end":{"line":68,"column":40}}]},"22":{"type":"branch","line":69,"loc":{"start":{"line":69,"column":-1},"end":{"line":69,"column":17}},"locations":[{"start":{"line":69,"column":-1},"end":{"line":69,"column":17}}]},"23":{"type":"branch","line":70,"loc":{"start":{"line":70,"column":15},"end":{"line":86,"column":5}},"locations":[{"start":{"line":70,"column":15},"end":{"line":86,"column":5}}]},"24":{"type":"branch","line":71,"loc":{"start":{"line":71,"column":24},"end":{"line":85,"column":7}},"locations":[{"start":{"line":71,"column":24},"end":{"line":85,"column":7}}]},"25":{"type":"branch","line":75,"loc":{"start":{"line":75,"column":29},"end":{"line":75,"column":37}},"locations":[{"start":{"line":75,"column":29},"end":{"line":75,"column":37}}]},"26":{"type":"branch","line":76,"loc":{"start":{"line":76,"column":49},"end":{"line":76,"column":57}},"locations":[{"start":{"line":76,"column":49},"end":{"line":76,"column":57}}]},"27":{"type":"branch","line":77,"loc":{"start":{"line":77,"column":27},"end":{"line":77,"column":35}},"locations":[{"start":{"line":77,"column":27},"end":{"line":77,"column":35}}]},"28":{"type":"branch","line":78,"loc":{"start":{"line":78,"column":39},"end":{"line":78,"column":47}},"locations":[{"start":{"line":78,"column":39},"end":{"line":78,"column":47}}]},"29":{"type":"branch","line":79,"loc":{"start":{"line":79,"column":39},"end":{"line":79,"column":47}},"locations":[{"start":{"line":79,"column":39},"end":{"line":79,"column":47}}]},"30":{"type":"branch","line":80,"loc":{"start":{"line":80,"column":25},"end":{"line":80,"column":33}},"locations":[{"start":{"line":80,"column":25},"end":{"line":80,"column":33}}]}},"b":{"0":[19],"1":[19],"2":[7],"3":[6],"4":[3],"5":[3],"6":[1],"7":[18],"8":[6],"9":[6],"10":[6],"11":[6],"12":[6],"13":[6],"14":[12],"15":[4],"16":[2],"17":[2],"18":[2],"19":[2],"20":[10],"21":[5],"22":[5],"23":[10],"24":[14],"25":[6],"26":[6],"27":[6],"28":[6],"29":[6],"30":[6]},"fnMap":{"0":{"name":"<instance_members_initializer>","decl":{"start":{"line":4,"column":7},"end":{"line":88,"column":1}},"loc":{"start":{"line":4,"column":7},"end":{"line":88,"column":1}},"line":4},"1":{"name":"BookSearchApi","decl":{"start":{"line":5,"column":2},"end":{"line":8,"column":3}},"loc":{"start":{"line":5,"column":2},"end":{"line":8,"column":3}},"line":5},"2":{"name":"getBooks","decl":{"start":{"line":9,"column":13},"end":{"line":43,"column":3}},"loc":{"start":{"line":9,"column":13},"end":{"line":43,"column":3}},"line":9},"3":{"name":"getBooksBy","decl":{"start":{"line":45,"column":15},"end":{"line":87,"column":3}},"loc":{"start":{"line":45,"column":15},"end":{"line":87,"column":3}},"line":45}},"f":{"0":19,"1":19,"2":7,"3":12}}
,"/Users/tims/development/edf/javascript-code-test/src/helper/fetchApi.js": {"path":"/Users/tims/development/edf/javascript-code-test/src/helper/fetchApi.js","all":false,"statementMap":{"0":{"start":{"line":1,"column":0},"end":{"line":1,"column":49}},"1":{"start":{"line":2,"column":0},"end":{"line":2,"column":7}},"2":{"start":{"line":3,"column":0},"end":{"line":3,"column":47}},"3":{"start":{"line":4,"column":0},"end":{"line":4,"column":23}},"4":{"start":{"line":5,"column":0},"end":{"line":5,"column":61}},"5":{"start":{"line":6,"column":0},"end":{"line":6,"column":5}},"6":{"start":{"line":7,"column":0},"end":{"line":7,"column":63}},"7":{"start":{"line":8,"column":0},"end":{"line":8,"column":35}},"8":{"start":{"line":9,"column":0},"end":{"line":9,"column":79}},"9":{"start":{"line":10,"column":0},"end":{"line":10,"column":19}},"10":{"start":{"line":11,"column":0},"end":{"line":11,"column":52}},"11":{"start":{"line":12,"column":0},"end":{"line":12,"column":3}},"12":{"start":{"line":13,"column":0},"end":{"line":13,"column":2}}},"s":{"0":1,"1":17,"2":17,"3":17,"4":6,"5":6,"6":11,"7":17,"8":3,"9":17,"10":6,"11":6,"12":17},"branchMap":{"0":{"type":"branch","line":1,"loc":{"start":{"line":1,"column":24},"end":{"line":13,"column":2}},"locations":[{"start":{"line":1,"column":24},"end":{"line":13,"column":2}}]},"1":{"type":"branch","line":4,"loc":{"start":{"line":4,"column":22},"end":{"line":6,"column":5}},"locations":[{"start":{"line":4,"column":22},"end":{"line":6,"column":5}}]},"2":{"type":"branch","line":6,"loc":{"start":{"line":6,"column":4},"end":{"line":7,"column":63}},"locations":[{"start":{"line":6,"column":4},"end":{"line":7,"column":63}}]},"3":{"type":"branch","line":8,"loc":{"start":{"line":8,"column":6},"end":{"line":8,"column":35}},"locations":[{"start":{"line":8,"column":6},"end":{"line":8,"column":35}}]},"4":{"type":"branch","line":8,"loc":{"start":{"line":8,"column":34},"end":{"line":9,"column":79}},"locations":[{"start":{"line":8,"column":34},"end":{"line":9,"column":79}}]},"5":{"type":"branch","line":10,"loc":{"start":{"line":10,"column":4},"end":{"line":12,"column":3}},"locations":[{"start":{"line":10,"column":4},"end":{"line":12,"column":3}}]}},"b":{"0":[17],"1":[6],"2":[11],"3":[8],"4":[3],"5":[6]},"fnMap":{"0":{"name":"fetchApi","decl":{"start":{"line":1,"column":24},"end":{"line":13,"column":2}},"loc":{"start":{"line":1,"column":24},"end":{"line":13,"column":2}},"line":1}},"f":{"0":17}}
,"/Users/tims/development/edf/javascript-code-test/src/helper/xmlParser.js": {"path":"/Users/tims/development/edf/javascript-code-test/src/helper/xmlParser.js","all":false,"statementMap":{"0":{"start":{"line":1,"column":0},"end":{"line":1,"column":58}},"1":{"start":{"line":2,"column":0},"end":{"line":2,"column":0}},"2":{"start":{"line":3,"column":0},"end":{"line":3,"column":48}},"3":{"start":{"line":4,"column":0},"end":{"line":4,"column":40}},"4":{"start":{"line":5,"column":0},"end":{"line":5,"column":59}},"5":{"start":{"line":6,"column":0},"end":{"line":6,"column":21}},"6":{"start":{"line":7,"column":0},"end":{"line":7,"column":54}},"7":{"start":{"line":8,"column":0},"end":{"line":8,"column":54}},"8":{"start":{"line":9,"column":0},"end":{"line":9,"column":58}},"9":{"start":{"line":10,"column":0},"end":{"line":10,"column":3}},"10":{"start":{"line":11,"column":0},"end":{"line":11,"column":42}},"11":{"start":{"line":12,"column":0},"end":{"line":12,"column":34}},"12":{"start":{"line":13,"column":0},"end":{"line":13,"column":2}}},"s":{"0":1,"1":1,"2":1,"3":2,"4":2,"5":2,"6":1,"7":1,"8":1,"9":1,"10":1,"11":1,"12":1},"branchMap":{"0":{"type":"branch","line":3,"loc":{"start":{"line":3,"column":25},"end":{"line":13,"column":2}},"locations":[{"start":{"line":3,"column":25},"end":{"line":13,"column":2}}]},"1":{"type":"branch","line":6,"loc":{"start":{"line":6,"column":20},"end":{"line":13,"column":2}},"locations":[{"start":{"line":6,"column":20},"end":{"line":13,"column":2}}]}},"b":{"0":[2],"1":[1]},"fnMap":{"0":{"name":"xmlParser","decl":{"start":{"line":3,"column":25},"end":{"line":13,"column":2}},"loc":{"start":{"line":3,"column":25},"end":{"line":13,"column":2}},"line":3}},"f":{"0":2}}
}
