TN:
SF:src/BookSearch.js
FN:4,<instance_members_initializer>
FN:5,BookSearchApi
FN:9,getBooks
FN:45,getBooksBy
FNF:4
FNH:4
FNDA:19,<instance_members_initializer>
FNDA:19,BookSearchApi
FNDA:7,getBooks
FNDA:12,getBooksBy
DA:1,1
DA:2,1
DA:3,1
DA:4,1
DA:5,19
DA:6,19
DA:7,19
DA:8,19
DA:9,19
DA:10,7
DA:11,7
DA:12,7
DA:13,7
DA:14,7
DA:15,7
DA:16,7
DA:17,7
DA:18,7
DA:19,7
DA:20,7
DA:21,7
DA:22,6
DA:23,6
DA:24,3
DA:25,6
DA:26,6
DA:27,18
DA:28,18
DA:29,18
DA:30,18
DA:31,18
DA:32,18
DA:33,18
DA:34,18
DA:35,18
DA:36,18
DA:37,18
DA:38,18
DA:39,18
DA:40,6
DA:41,6
DA:42,1
DA:43,19
DA:44,19
DA:45,19
DA:46,12
DA:47,12
DA:48,12
DA:49,12
DA:50,12
DA:51,12
DA:52,12
DA:53,12
DA:54,12
DA:55,12
DA:56,10
DA:57,10
DA:58,10
DA:59,10
DA:60,10
DA:61,10
DA:62,10
DA:63,10
DA:64,10
DA:65,10
DA:66,10
DA:67,10
DA:68,5
DA:69,12
DA:70,12
DA:71,10
DA:72,14
DA:73,14
DA:74,14
DA:75,14
DA:76,14
DA:77,14
DA:78,14
DA:79,14
DA:80,14
DA:81,14
DA:82,14
DA:83,14
DA:84,14
DA:85,10
DA:86,10
DA:87,19
DA:88,19
LF:88
LH:88
BRDA:4,0,0,19
BRDA:5,1,0,19
BRDA:9,2,0,7
BRDA:21,3,0,6
BRDA:24,4,0,3
BRDA:25,5,0,3
BRDA:41,6,0,1
BRDA:26,7,0,18
BRDA:30,8,0,6
BRDA:31,9,0,6
BRDA:32,10,0,6
BRDA:33,11,0,6
BRDA:34,12,0,6
BRDA:35,13,0,6
BRDA:45,14,0,12
BRDA:48,15,0,4
BRDA:50,16,0,2
BRDA:52,17,0,2
BRDA:54,18,0,2
BRDA:55,19,0,2
BRDA:55,20,0,10
BRDA:68,21,0,5
BRDA:69,22,0,5
BRDA:70,23,0,10
BRDA:71,24,0,14
BRDA:75,25,0,6
BRDA:76,26,0,6
BRDA:77,27,0,6
BRDA:78,28,0,6
BRDA:79,29,0,6
BRDA:80,30,0,6
BRF:31
BRH:31
end_of_record
TN:
SF:src/helper/fetchApi.js
FN:1,fetchApi
FNF:1
FNH:1
FNDA:17,fetchApi
DA:1,1
DA:2,17
DA:3,17
DA:4,17
DA:5,6
DA:6,6
DA:7,11
DA:8,17
DA:9,3
DA:10,17
DA:11,6
DA:12,6
DA:13,17
LF:13
LH:13
BRDA:1,0,0,17
BRDA:4,1,0,6
BRDA:6,2,0,11
BRDA:8,3,0,8
BRDA:8,4,0,3
BRDA:10,5,0,6
BRF:6
BRH:6
end_of_record
TN:
SF:src/helper/xmlParser.js
FN:3,xmlParser
FNF:1
FNH:1
FNDA:2,xmlParser
DA:1,1
DA:2,1
DA:3,1
DA:4,2
DA:5,2
DA:6,2
DA:7,1
DA:8,1
DA:9,1
DA:10,1
DA:11,1
DA:12,1
DA:13,1
LF:13
LH:13
BRDA:3,0,0,2
BRDA:6,1,0,1
BRF:2
BRH:2
end_of_record
