TN:
SF:src/BookSearchApi.js
FN:2,<instance_members_initializer>
FN:12,getBooks
FN:35,getBooksBy
FN:69,<instance_members_initializer>
FN:79,getBooks
FN:102,getBooksBy
FNF:6
FNH:6
FNDA:9,<instance_members_initializer>
FNDA:3,getBooks
FNDA:6,getBooksBy
FNDA:9,<instance_members_initializer>
FNDA:3,getBooks
FNDA:6,getBooksBy
DA:1,1
DA:2,1
DA:3,9
DA:4,9
DA:5,9
DA:6,9
DA:7,9
DA:8,9
DA:9,9
DA:10,9
DA:11,9
DA:12,9
DA:13,3
DA:14,3
DA:15,3
DA:16,2
DA:17,6
DA:18,6
DA:19,6
DA:20,6
DA:21,6
DA:22,6
DA:23,6
DA:24,6
DA:25,6
DA:26,6
DA:27,6
DA:28,6
DA:29,6
DA:30,2
DA:31,2
DA:32,1
DA:33,9
DA:34,9
DA:35,9
DA:36,6
DA:37,6
DA:38,6
DA:39,6
DA:40,6
DA:41,6
DA:42,1
DA:43,1
DA:44,1
DA:45,1
DA:46,1
DA:47,6
DA:48,5
DA:49,5
DA:50,5
DA:51,7
DA:52,7
DA:53,7
DA:54,7
DA:55,7
DA:56,7
DA:57,7
DA:58,7
DA:59,7
DA:60,7
DA:61,7
DA:62,7
DA:63,7
DA:64,5
DA:65,5
DA:66,9
DA:67,1
DA:68,1
DA:69,1
DA:70,9
DA:71,9
DA:72,9
DA:73,9
DA:74,9
DA:75,9
DA:76,9
DA:77,9
DA:78,9
DA:79,9
DA:80,3
DA:81,3
DA:82,3
DA:83,6
DA:84,6
DA:85,6
DA:86,6
DA:87,6
DA:88,6
DA:89,6
DA:90,6
DA:91,6
DA:92,6
DA:93,6
DA:94,6
DA:95,6
DA:96,6
DA:97,2
DA:98,2
DA:99,1
DA:100,9
DA:101,9
DA:102,9
DA:103,6
DA:104,6
DA:105,6
DA:106,6
DA:107,6
DA:108,6
DA:109,1
DA:110,1
DA:111,1
DA:112,1
DA:113,1
DA:114,6
DA:115,5
DA:116,5
DA:117,7
DA:118,7
DA:119,7
DA:120,7
DA:121,7
DA:122,7
DA:123,7
DA:124,7
DA:125,7
DA:126,7
DA:127,7
DA:128,7
DA:129,7
DA:130,5
DA:131,9
DA:132,1
DA:133,1
DA:134,1
DA:135,1
DA:136,1
DA:137,1
DA:138,1
DA:139,1
DA:140,1
DA:141,1
DA:142,1
DA:143,1
DA:144,1
DA:145,1
DA:146,1
DA:147,1
DA:148,1
DA:149,1
DA:150,1
DA:151,1
DA:152,1
DA:153,1
DA:154,1
DA:155,1
DA:156,1
DA:157,1
DA:158,1
DA:159,1
DA:160,1
DA:161,1
DA:162,1
DA:163,1
DA:164,1
DA:165,1
DA:166,1
DA:167,1
DA:168,1
DA:169,1
DA:170,1
DA:171,1
DA:172,1
DA:173,1
DA:174,1
DA:175,1
DA:176,1
DA:177,1
DA:178,1
LF:178
LH:178
BRDA:2,0,0,9
BRDA:12,1,0,3
BRDA:15,2,0,2
BRDA:31,3,0,1
BRDA:16,4,0,6
BRDA:20,5,0,3
BRDA:21,6,0,3
BRDA:22,7,0,3
BRDA:23,8,0,3
BRDA:24,9,0,3
BRDA:25,10,0,3
BRDA:35,11,0,6
BRDA:37,12,0,2
BRDA:38,13,0,1
BRDA:39,14,0,1
BRDA:40,15,0,1
BRDA:41,16,0,1
BRDA:47,17,0,5
BRDA:50,18,0,7
BRDA:54,19,0,3
BRDA:55,20,0,3
BRDA:56,21,0,3
BRDA:57,22,0,3
BRDA:58,23,0,3
BRDA:59,24,0,3
BRDA:69,25,0,9
BRDA:79,26,0,3
BRDA:82,27,0,2
BRDA:98,28,0,1
BRDA:82,29,0,6
BRDA:86,30,0,3
BRDA:87,31,0,3
BRDA:88,32,0,3
BRDA:89,33,0,3
BRDA:90,34,0,3
BRDA:91,35,0,3
BRDA:102,36,0,6
BRDA:104,37,0,2
BRDA:105,38,0,1
BRDA:106,39,0,1
BRDA:107,40,0,1
BRDA:108,41,0,1
BRDA:114,42,0,5
BRDA:116,43,0,7
BRDA:120,44,0,3
BRDA:121,45,0,3
BRDA:122,46,0,3
BRDA:123,47,0,3
BRDA:124,48,0,3
BRDA:125,49,0,3
BRF:50
BRH:50
end_of_record
TN:
SF:src/helper/fetchApi.js
FN:1,fetchApi
FNF:1
FNH:1
FNDA:16,fetchApi
DA:1,1
DA:2,16
DA:3,16
DA:4,16
DA:5,2
DA:6,2
DA:7,14
DA:8,16
DA:9,2
DA:10,2
DA:11,16
LF:11
LH:11
BRDA:1,0,0,16
BRDA:4,1,0,2
BRDA:6,2,0,14
BRDA:8,3,0,2
BRF:4
BRH:4
end_of_record
